  Source.cpp
C:\Users\T450s\source\repos\answersheet\answersheet\Source.cpp(10,12): warning C4244: 'initializing': conversion from 'double' to 'float', possible loss of data
C:\Users\T450s\source\repos\answersheet\answersheet\Source.cpp(115,18): warning C4244: 'initializing': conversion from 'const _Ty' to 'float', possible loss of data
C:\Users\T450s\source\repos\answersheet\answersheet\Source.cpp(115,18): warning C4244:         with
C:\Users\T450s\source\repos\answersheet\answersheet\Source.cpp(115,18): warning C4244:         [
C:\Users\T450s\source\repos\answersheet\answersheet\Source.cpp(115,18): warning C4244:             _Ty=double
C:\Users\T450s\source\repos\answersheet\answersheet\Source.cpp(115,18): warning C4244:         ]
C:\Users\T450s\source\repos\answersheet\answersheet\Source.cpp(116,17): warning C4244: 'initializing': conversion from 'const _Ty' to 'float', possible loss of data
C:\Users\T450s\source\repos\answersheet\answersheet\Source.cpp(116,17): warning C4244:         with
C:\Users\T450s\source\repos\answersheet\answersheet\Source.cpp(116,17): warning C4244:         [
C:\Users\T450s\source\repos\answersheet\answersheet\Source.cpp(116,17): warning C4244:             _Ty=double
C:\Users\T450s\source\repos\answersheet\answersheet\Source.cpp(116,17): warning C4244:         ]
C:\Users\T450s\source\repos\answersheet\answersheet\Source.cpp(134,12): warning C4244: 'initializing': conversion from 'double' to 'float', possible loss of data
C:\Users\T450s\source\repos\answersheet\answersheet\Source.cpp(152,43): warning C4244: 'argument': conversion from 'int' to '_Tp', possible loss of data
C:\Users\T450s\source\repos\answersheet\answersheet\Source.cpp(152,43): warning C4244:         with
C:\Users\T450s\source\repos\answersheet\answersheet\Source.cpp(152,43): warning C4244:         [
C:\Users\T450s\source\repos\answersheet\answersheet\Source.cpp(152,43): warning C4244:             _Tp=float
C:\Users\T450s\source\repos\answersheet\answersheet\Source.cpp(152,43): warning C4244:         ]
C:\Users\T450s\source\repos\answersheet\answersheet\Source.cpp(153,57): warning C4244: 'argument': conversion from 'int' to '_Tp', possible loss of data
C:\Users\T450s\source\repos\answersheet\answersheet\Source.cpp(153,57): warning C4244:         with
C:\Users\T450s\source\repos\answersheet\answersheet\Source.cpp(153,57): warning C4244:         [
C:\Users\T450s\source\repos\answersheet\answersheet\Source.cpp(153,57): warning C4244:             _Tp=float
C:\Users\T450s\source\repos\answersheet\answersheet\Source.cpp(153,57): warning C4244:         ]
C:\Users\T450s\source\repos\answersheet\answersheet\Source.cpp(153,43): warning C4244: 'argument': conversion from 'int' to '_Tp', possible loss of data
C:\Users\T450s\source\repos\answersheet\answersheet\Source.cpp(153,43): warning C4244:         with
C:\Users\T450s\source\repos\answersheet\answersheet\Source.cpp(153,43): warning C4244:         [
C:\Users\T450s\source\repos\answersheet\answersheet\Source.cpp(153,43): warning C4244:             _Tp=float
C:\Users\T450s\source\repos\answersheet\answersheet\Source.cpp(153,43): warning C4244:         ]
C:\Users\T450s\source\repos\answersheet\answersheet\Source.cpp(154,47): warning C4244: 'argument': conversion from 'int' to '_Tp', possible loss of data
C:\Users\T450s\source\repos\answersheet\answersheet\Source.cpp(154,47): warning C4244:         with
C:\Users\T450s\source\repos\answersheet\answersheet\Source.cpp(154,47): warning C4244:         [
C:\Users\T450s\source\repos\answersheet\answersheet\Source.cpp(154,47): warning C4244:             _Tp=float
C:\Users\T450s\source\repos\answersheet\answersheet\Source.cpp(154,47): warning C4244:         ]
C:\Users\T450s\source\repos\answersheet\answersheet\Source.cpp(193,20): warning C4018: '<': signed/unsigned mismatch
C:\Users\T450s\source\repos\answersheet\answersheet\Source.cpp(236,20): warning C4018: '<': signed/unsigned mismatch
C:\Users\T450s\source\repos\answersheet\answersheet\Source.cpp(295,18): warning C4244: 'initializing': conversion from 'double' to 'float', possible loss of data
C:\Users\T450s\source\repos\answersheet\answersheet\Source.cpp(315,18): warning C4244: 'initializing': conversion from 'double' to 'float', possible loss of data
C:\Users\T450s\source\repos\answersheet\answersheet\Source.cpp(338,20): warning C4244: 'argument': conversion from 'double' to 'float', possible loss of data
C:\Users\T450s\source\repos\answersheet\answersheet\Source.cpp(348,12): warning C4244: 'initializing': conversion from '_Tp' to 'int', possible loss of data
C:\Users\T450s\source\repos\answersheet\answersheet\Source.cpp(348,12): warning C4244:         with
C:\Users\T450s\source\repos\answersheet\answersheet\Source.cpp(348,12): warning C4244:         [
C:\Users\T450s\source\repos\answersheet\answersheet\Source.cpp(348,12): warning C4244:             _Tp=float
C:\Users\T450s\source\repos\answersheet\answersheet\Source.cpp(348,12): warning C4244:         ]
C:\Users\T450s\source\repos\answersheet\answersheet\Source.cpp(349,12): warning C4244: 'initializing': conversion from '_Tp' to 'int', possible loss of data
C:\Users\T450s\source\repos\answersheet\answersheet\Source.cpp(349,12): warning C4244:         with
C:\Users\T450s\source\repos\answersheet\answersheet\Source.cpp(349,12): warning C4244:         [
C:\Users\T450s\source\repos\answersheet\answersheet\Source.cpp(349,12): warning C4244:             _Tp=float
C:\Users\T450s\source\repos\answersheet\answersheet\Source.cpp(349,12): warning C4244:         ]
C:\Users\T450s\source\repos\answersheet\answersheet\Source.cpp(360,24): warning C4244: '+=': conversion from '_Tp' to 'int', possible loss of data
C:\Users\T450s\source\repos\answersheet\answersheet\Source.cpp(360,24): warning C4244:         with
C:\Users\T450s\source\repos\answersheet\answersheet\Source.cpp(360,24): warning C4244:         [
C:\Users\T450s\source\repos\answersheet\answersheet\Source.cpp(360,24): warning C4244:             _Tp=float
C:\Users\T450s\source\repos\answersheet\answersheet\Source.cpp(360,24): warning C4244:         ]
C:\Users\T450s\source\repos\answersheet\answersheet\Source.cpp(361,24): warning C4244: '+=': conversion from '_Tp' to 'int', possible loss of data
C:\Users\T450s\source\repos\answersheet\answersheet\Source.cpp(361,24): warning C4244:         with
C:\Users\T450s\source\repos\answersheet\answersheet\Source.cpp(361,24): warning C4244:         [
C:\Users\T450s\source\repos\answersheet\answersheet\Source.cpp(361,24): warning C4244:             _Tp=float
C:\Users\T450s\source\repos\answersheet\answersheet\Source.cpp(361,24): warning C4244:         ]
C:\Users\T450s\source\repos\answersheet\answersheet\Source.cpp(367,58): warning C4244: 'argument': conversion from 'int' to '_Tp', possible loss of data
C:\Users\T450s\source\repos\answersheet\answersheet\Source.cpp(367,58): warning C4244:         with
C:\Users\T450s\source\repos\answersheet\answersheet\Source.cpp(367,58): warning C4244:         [
C:\Users\T450s\source\repos\answersheet\answersheet\Source.cpp(367,58): warning C4244:             _Tp=float
C:\Users\T450s\source\repos\answersheet\answersheet\Source.cpp(367,58): warning C4244:         ]
C:\Users\T450s\source\repos\answersheet\answersheet\Source.cpp(367,32): warning C4244: 'argument': conversion from 'int' to '_Tp', possible loss of data
C:\Users\T450s\source\repos\answersheet\answersheet\Source.cpp(367,32): warning C4244:         with
C:\Users\T450s\source\repos\answersheet\answersheet\Source.cpp(367,32): warning C4244:         [
C:\Users\T450s\source\repos\answersheet\answersheet\Source.cpp(367,32): warning C4244:             _Tp=float
C:\Users\T450s\source\repos\answersheet\answersheet\Source.cpp(367,32): warning C4244:         ]
C:\Users\T450s\source\repos\answersheet\answersheet\Source.cpp(445,5): warning C4244: 'argument': conversion from 'double' to '_Tp', possible loss of data
C:\Users\T450s\source\repos\answersheet\answersheet\Source.cpp(445,5): warning C4244:         with
C:\Users\T450s\source\repos\answersheet\answersheet\Source.cpp(445,5): warning C4244:         [
C:\Users\T450s\source\repos\answersheet\answersheet\Source.cpp(445,5): warning C4244:             _Tp=int
C:\Users\T450s\source\repos\answersheet\answersheet\Source.cpp(445,5): warning C4244:         ]
C:\Users\T450s\source\repos\answersheet\answersheet\Source.cpp(444,5): warning C4244: 'argument': conversion from 'double' to '_Tp', possible loss of data
C:\Users\T450s\source\repos\answersheet\answersheet\Source.cpp(444,5): warning C4244:         with
C:\Users\T450s\source\repos\answersheet\answersheet\Source.cpp(444,5): warning C4244:         [
C:\Users\T450s\source\repos\answersheet\answersheet\Source.cpp(444,5): warning C4244:             _Tp=int
C:\Users\T450s\source\repos\answersheet\answersheet\Source.cpp(444,5): warning C4244:         ]
C:\Users\T450s\source\repos\answersheet\answersheet\Source.cpp(443,12): warning C4244: 'argument': conversion from 'double' to '_Tp', possible loss of data
C:\Users\T450s\source\repos\answersheet\answersheet\Source.cpp(443,12): warning C4244:         with
C:\Users\T450s\source\repos\answersheet\answersheet\Source.cpp(443,12): warning C4244:         [
C:\Users\T450s\source\repos\answersheet\answersheet\Source.cpp(443,12): warning C4244:             _Tp=int
C:\Users\T450s\source\repos\answersheet\answersheet\Source.cpp(443,12): warning C4244:         ]
C:\Users\T450s\source\repos\answersheet\answersheet\Source.cpp(442,43): warning C4244: 'argument': conversion from 'double' to '_Tp', possible loss of data
C:\Users\T450s\source\repos\answersheet\answersheet\Source.cpp(442,43): warning C4244:         with
C:\Users\T450s\source\repos\answersheet\answersheet\Source.cpp(442,43): warning C4244:         [
C:\Users\T450s\source\repos\answersheet\answersheet\Source.cpp(442,43): warning C4244:             _Tp=int
C:\Users\T450s\source\repos\answersheet\answersheet\Source.cpp(442,43): warning C4244:         ]
C:\Users\T450s\source\repos\answersheet\answersheet\Source.cpp(480,20): warning C4018: '<': signed/unsigned mismatch
C:\Users\T450s\source\repos\answersheet\answersheet\Source.cpp(561,20): warning C4018: '<': signed/unsigned mismatch
C:\Users\T450s\source\repos\answersheet\answersheet\Source.cpp(582,20): warning C4018: '<': signed/unsigned mismatch
C:\Users\T450s\source\repos\answersheet\answersheet\Source.cpp(619,1): warning C4326: return type of 'main' should be 'int' instead of 'void'
C:\Users\T450s\source\repos\answersheet\answersheet\Source.cpp(631,69): warning C4244: 'argument': conversion from 'double' to 'float', possible loss of data
C:\Users\T450s\source\repos\answersheet\answersheet\Source.cpp(659,20): warning C4018: '<': signed/unsigned mismatch
C:\Users\T450s\source\repos\answersheet\answersheet\Source.cpp(676,20): warning C4018: '<': signed/unsigned mismatch
C:\Users\T450s\source\repos\answersheet\answersheet\Source.cpp(678,21): warning C4018: '<': signed/unsigned mismatch
opencv_world400d.lib(opencv_world400d.dll) : fatal error LNK1112: module machine type 'x64' conflicts with target machine type 'x86'
